2020-08-13 00:22:44.410 [error] <0.580.0> CRASH REPORT Process <0.580.0> with 0 neighbours exited with reason: watcher_command_error in 'Elixir.Phoenix.Endpoint.Watcher':watch/3 line 37
2020-08-13 00:22:44.410 [error] <0.455.0> Supervisor 'Elixir.PuzzlespaceWeb.Endpoint' had child #Ref<0.134983772.519307265.14940> started with 'Elixir.Phoenix.Endpoint.Watcher':start_link({node,[<<"node_modules/webpack/bin/webpack.js">>,<<"--mode">>,<<"development">>,<<"--watch-stdin">>],...}) at <0.580.0> exit with reason watcher_command_error in context child_terminated
2020-08-13 00:22:47.157 [error] <0.849.0> CRASH REPORT Process <0.849.0> with 0 neighbours exited with reason: watcher_command_error in 'Elixir.Phoenix.Endpoint.Watcher':watch/3 line 37
2020-08-13 00:22:47.157 [error] <0.455.0> Supervisor 'Elixir.PuzzlespaceWeb.Endpoint' had child #Ref<0.134983772.519307265.14940> started with 'Elixir.Phoenix.Endpoint.Watcher':start_link({node,[<<"node_modules/webpack/bin/webpack.js">>,<<"--mode">>,<<"development">>,<<"--watch-stdin">>],...}) at <0.849.0> exit with reason watcher_command_error in context child_terminated
2020-08-13 00:22:49.818 [error] <0.854.0> CRASH REPORT Process <0.854.0> with 0 neighbours exited with reason: watcher_command_error in 'Elixir.Phoenix.Endpoint.Watcher':watch/3 line 37
2020-08-13 00:22:49.818 [error] <0.455.0> Supervisor 'Elixir.PuzzlespaceWeb.Endpoint' had child #Ref<0.134983772.519307265.14940> started with 'Elixir.Phoenix.Endpoint.Watcher':start_link({node,[<<"node_modules/webpack/bin/webpack.js">>,<<"--mode">>,<<"development">>,<<"--watch-stdin">>],...}) at <0.854.0> exit with reason watcher_command_error in context child_terminated
2020-08-13 00:22:52.145 [error] <0.855.0> CRASH REPORT Process <0.855.0> with 0 neighbours exited with reason: watcher_command_error in 'Elixir.Phoenix.Endpoint.Watcher':watch/3 line 37
2020-08-13 00:22:52.145 [error] <0.455.0> Supervisor 'Elixir.PuzzlespaceWeb.Endpoint' had child #Ref<0.134983772.519307265.14940> started with 'Elixir.Phoenix.Endpoint.Watcher':start_link({node,[<<"node_modules/webpack/bin/webpack.js">>,<<"--mode">>,<<"development">>,<<"--watch-stdin">>],...}) at <0.855.0> exit with reason watcher_command_error in context child_terminated
2020-08-13 00:22:54.520 [error] <0.856.0> CRASH REPORT Process <0.856.0> with 0 neighbours exited with reason: watcher_command_error in 'Elixir.Phoenix.Endpoint.Watcher':watch/3 line 37
2020-08-13 00:22:54.520 [error] <0.455.0> Supervisor 'Elixir.PuzzlespaceWeb.Endpoint' had child #Ref<0.134983772.519307265.14940> started with 'Elixir.Phoenix.Endpoint.Watcher':start_link({node,[<<"node_modules/webpack/bin/webpack.js">>,<<"--mode">>,<<"development">>,<<"--watch-stdin">>],...}) at <0.856.0> exit with reason watcher_command_error in context child_terminated
2020-08-13 00:22:56.909 [error] <0.857.0> CRASH REPORT Process <0.857.0> with 0 neighbours exited with reason: watcher_command_error in 'Elixir.Phoenix.Endpoint.Watcher':watch/3 line 37
2020-08-13 00:22:56.910 [error] <0.455.0> Supervisor 'Elixir.PuzzlespaceWeb.Endpoint' had child #Ref<0.134983772.519307265.14940> started with 'Elixir.Phoenix.Endpoint.Watcher':start_link({node,[<<"node_modules/webpack/bin/webpack.js">>,<<"--mode">>,<<"development">>,<<"--watch-stdin">>],...}) at <0.857.0> exit with reason watcher_command_error in context child_terminated
2020-08-13 00:22:59.238 [error] <0.858.0> CRASH REPORT Process <0.858.0> with 0 neighbours exited with reason: watcher_command_error in 'Elixir.Phoenix.Endpoint.Watcher':watch/3 line 37
2020-08-13 00:22:59.238 [error] <0.455.0> Supervisor 'Elixir.PuzzlespaceWeb.Endpoint' had child #Ref<0.134983772.519307265.14940> started with 'Elixir.Phoenix.Endpoint.Watcher':start_link({node,[<<"node_modules/webpack/bin/webpack.js">>,<<"--mode">>,<<"development">>,<<"--watch-stdin">>],...}) at <0.858.0> exit with reason watcher_command_error in context child_terminated
2020-08-13 00:23:01.592 [error] <0.859.0> CRASH REPORT Process <0.859.0> with 0 neighbours exited with reason: watcher_command_error in 'Elixir.Phoenix.Endpoint.Watcher':watch/3 line 37
2020-08-13 00:23:01.593 [error] <0.455.0> Supervisor 'Elixir.PuzzlespaceWeb.Endpoint' had child #Ref<0.134983772.519307265.14940> started with 'Elixir.Phoenix.Endpoint.Watcher':start_link({node,[<<"node_modules/webpack/bin/webpack.js">>,<<"--mode">>,<<"development">>,<<"--watch-stdin">>],...}) at <0.859.0> exit with reason watcher_command_error in context child_terminated
2020-08-13 00:23:04.159 [error] <0.860.0> CRASH REPORT Process <0.860.0> with 0 neighbours exited with reason: watcher_command_error in 'Elixir.Phoenix.Endpoint.Watcher':watch/3 line 37
2020-08-13 00:23:04.160 [error] <0.455.0> Supervisor 'Elixir.PuzzlespaceWeb.Endpoint' had child #Ref<0.134983772.519307265.14940> started with 'Elixir.Phoenix.Endpoint.Watcher':start_link({node,[<<"node_modules/webpack/bin/webpack.js">>,<<"--mode">>,<<"development">>,<<"--watch-stdin">>],...}) at <0.860.0> exit with reason watcher_command_error in context child_terminated
2020-08-13 00:23:06.601 [error] <0.861.0> CRASH REPORT Process <0.861.0> with 0 neighbours exited with reason: watcher_command_error in 'Elixir.Phoenix.Endpoint.Watcher':watch/3 line 37
2020-08-13 00:23:06.603 [error] <0.455.0> Supervisor 'Elixir.PuzzlespaceWeb.Endpoint' had child #Ref<0.134983772.519307265.14940> started with 'Elixir.Phoenix.Endpoint.Watcher':start_link({node,[<<"node_modules/webpack/bin/webpack.js">>,<<"--mode">>,<<"development">>,<<"--watch-stdin">>],...}) at <0.861.0> exit with reason watcher_command_error in context child_terminated
2020-08-13 00:23:09.015 [error] <0.862.0> CRASH REPORT Process <0.862.0> with 0 neighbours exited with reason: watcher_command_error in 'Elixir.Phoenix.Endpoint.Watcher':watch/3 line 37
2020-08-13 00:23:09.015 [error] <0.455.0> Supervisor 'Elixir.PuzzlespaceWeb.Endpoint' had child #Ref<0.134983772.519307265.14940> started with 'Elixir.Phoenix.Endpoint.Watcher':start_link({node,[<<"node_modules/webpack/bin/webpack.js">>,<<"--mode">>,<<"development">>,<<"--watch-stdin">>],...}) at <0.862.0> exit with reason watcher_command_error in context child_terminated
2020-08-13 00:23:11.366 [error] <0.863.0> CRASH REPORT Process <0.863.0> with 0 neighbours exited with reason: watcher_command_error in 'Elixir.Phoenix.Endpoint.Watcher':watch/3 line 37
2020-08-13 00:23:11.366 [error] <0.455.0> Supervisor 'Elixir.PuzzlespaceWeb.Endpoint' had child #Ref<0.134983772.519307265.14940> started with 'Elixir.Phoenix.Endpoint.Watcher':start_link({node,[<<"node_modules/webpack/bin/webpack.js">>,<<"--mode">>,<<"development">>,<<"--watch-stdin">>],...}) at <0.863.0> exit with reason watcher_command_error in context child_terminated
2020-08-13 00:23:13.719 [error] <0.864.0> CRASH REPORT Process <0.864.0> with 0 neighbours exited with reason: watcher_command_error in 'Elixir.Phoenix.Endpoint.Watcher':watch/3 line 37
2020-08-13 00:23:13.719 [error] <0.455.0> Supervisor 'Elixir.PuzzlespaceWeb.Endpoint' had child #Ref<0.134983772.519307265.14940> started with 'Elixir.Phoenix.Endpoint.Watcher':start_link({node,[<<"node_modules/webpack/bin/webpack.js">>,<<"--mode">>,<<"development">>,<<"--watch-stdin">>],...}) at <0.864.0> exit with reason watcher_command_error in context child_terminated
2020-08-13 00:23:16.070 [error] <0.865.0> CRASH REPORT Process <0.865.0> with 0 neighbours exited with reason: watcher_command_error in 'Elixir.Phoenix.Endpoint.Watcher':watch/3 line 37
2020-08-13 00:23:16.072 [error] <0.455.0> Supervisor 'Elixir.PuzzlespaceWeb.Endpoint' had child #Ref<0.134983772.519307265.14940> started with 'Elixir.Phoenix.Endpoint.Watcher':start_link({node,[<<"node_modules/webpack/bin/webpack.js">>,<<"--mode">>,<<"development">>,<<"--watch-stdin">>],...}) at <0.865.0> exit with reason watcher_command_error in context child_terminated
2020-08-13 00:23:18.404 [error] <0.866.0> CRASH REPORT Process <0.866.0> with 0 neighbours exited with reason: watcher_command_error in 'Elixir.Phoenix.Endpoint.Watcher':watch/3 line 37
2020-08-13 00:23:18.405 [error] <0.455.0> Supervisor 'Elixir.PuzzlespaceWeb.Endpoint' had child #Ref<0.134983772.519307265.14940> started with 'Elixir.Phoenix.Endpoint.Watcher':start_link({node,[<<"node_modules/webpack/bin/webpack.js">>,<<"--mode">>,<<"development">>,<<"--watch-stdin">>],...}) at <0.866.0> exit with reason watcher_command_error in context child_terminated
2020-08-13 00:23:20.800 [error] <0.867.0> CRASH REPORT Process <0.867.0> with 0 neighbours exited with reason: watcher_command_error in 'Elixir.Phoenix.Endpoint.Watcher':watch/3 line 37
2020-08-13 00:23:20.800 [error] <0.455.0> Supervisor 'Elixir.PuzzlespaceWeb.Endpoint' had child #Ref<0.134983772.519307265.14940> started with 'Elixir.Phoenix.Endpoint.Watcher':start_link({node,[<<"node_modules/webpack/bin/webpack.js">>,<<"--mode">>,<<"development">>,<<"--watch-stdin">>],...}) at <0.867.0> exit with reason watcher_command_error in context child_terminated
2020-08-13 00:23:23.131 [error] <0.868.0> CRASH REPORT Process <0.868.0> with 0 neighbours exited with reason: watcher_command_error in 'Elixir.Phoenix.Endpoint.Watcher':watch/3 line 37
2020-08-13 00:23:23.131 [error] <0.455.0> Supervisor 'Elixir.PuzzlespaceWeb.Endpoint' had child #Ref<0.134983772.519307265.14940> started with 'Elixir.Phoenix.Endpoint.Watcher':start_link({node,[<<"node_modules/webpack/bin/webpack.js">>,<<"--mode">>,<<"development">>,<<"--watch-stdin">>],...}) at <0.868.0> exit with reason watcher_command_error in context child_terminated
2020-08-13 00:23:25.444 [error] <0.869.0> CRASH REPORT Process <0.869.0> with 0 neighbours exited with reason: watcher_command_error in 'Elixir.Phoenix.Endpoint.Watcher':watch/3 line 37
2020-08-13 00:23:25.444 [error] <0.455.0> Supervisor 'Elixir.PuzzlespaceWeb.Endpoint' had child #Ref<0.134983772.519307265.14940> started with 'Elixir.Phoenix.Endpoint.Watcher':start_link({node,[<<"node_modules/webpack/bin/webpack.js">>,<<"--mode">>,<<"development">>,<<"--watch-stdin">>],...}) at <0.869.0> exit with reason watcher_command_error in context child_terminated
2020-08-13 00:23:27.751 [error] <0.870.0> CRASH REPORT Process <0.870.0> with 0 neighbours exited with reason: watcher_command_error in 'Elixir.Phoenix.Endpoint.Watcher':watch/3 line 37
2020-08-13 00:23:27.751 [error] <0.455.0> Supervisor 'Elixir.PuzzlespaceWeb.Endpoint' had child #Ref<0.134983772.519307265.14940> started with 'Elixir.Phoenix.Endpoint.Watcher':start_link({node,[<<"node_modules/webpack/bin/webpack.js">>,<<"--mode">>,<<"development">>,<<"--watch-stdin">>],...}) at <0.870.0> exit with reason watcher_command_error in context child_terminated
2020-08-13 00:23:30.090 [error] <0.871.0> CRASH REPORT Process <0.871.0> with 0 neighbours exited with reason: watcher_command_error in 'Elixir.Phoenix.Endpoint.Watcher':watch/3 line 37
2020-08-13 00:23:30.091 [error] <0.455.0> Supervisor 'Elixir.PuzzlespaceWeb.Endpoint' had child #Ref<0.134983772.519307265.14940> started with 'Elixir.Phoenix.Endpoint.Watcher':start_link({node,[<<"node_modules/webpack/bin/webpack.js">>,<<"--mode">>,<<"development">>,<<"--watch-stdin">>],...}) at <0.871.0> exit with reason watcher_command_error in context child_terminated
2020-08-13 00:23:32.458 [error] <0.872.0> CRASH REPORT Process <0.872.0> with 0 neighbours exited with reason: watcher_command_error in 'Elixir.Phoenix.Endpoint.Watcher':watch/3 line 37
2020-08-13 00:23:32.458 [error] <0.455.0> Supervisor 'Elixir.PuzzlespaceWeb.Endpoint' had child #Ref<0.134983772.519307265.14940> started with 'Elixir.Phoenix.Endpoint.Watcher':start_link({node,[<<"node_modules/webpack/bin/webpack.js">>,<<"--mode">>,<<"development">>,<<"--watch-stdin">>],...}) at <0.872.0> exit with reason watcher_command_error in context child_terminated
2020-08-13 00:23:34.777 [error] <0.873.0> CRASH REPORT Process <0.873.0> with 0 neighbours exited with reason: watcher_command_error in 'Elixir.Phoenix.Endpoint.Watcher':watch/3 line 37
2020-08-13 00:23:34.777 [error] <0.455.0> Supervisor 'Elixir.PuzzlespaceWeb.Endpoint' had child #Ref<0.134983772.519307265.14940> started with 'Elixir.Phoenix.Endpoint.Watcher':start_link({node,[<<"node_modules/webpack/bin/webpack.js">>,<<"--mode">>,<<"development">>,<<"--watch-stdin">>],...}) at <0.873.0> exit with reason watcher_command_error in context child_terminated
2020-08-13 00:23:37.078 [error] <0.874.0> CRASH REPORT Process <0.874.0> with 0 neighbours exited with reason: watcher_command_error in 'Elixir.Phoenix.Endpoint.Watcher':watch/3 line 37
2020-08-13 00:23:37.078 [error] <0.455.0> Supervisor 'Elixir.PuzzlespaceWeb.Endpoint' had child #Ref<0.134983772.519307265.14940> started with 'Elixir.Phoenix.Endpoint.Watcher':start_link({node,[<<"node_modules/webpack/bin/webpack.js">>,<<"--mode">>,<<"development">>,<<"--watch-stdin">>],...}) at <0.874.0> exit with reason watcher_command_error in context child_terminated
2020-08-13 00:23:39.392 [error] <0.875.0> CRASH REPORT Process <0.875.0> with 0 neighbours exited with reason: watcher_command_error in 'Elixir.Phoenix.Endpoint.Watcher':watch/3 line 37
2020-08-13 00:23:39.395 [error] <0.455.0> Supervisor 'Elixir.PuzzlespaceWeb.Endpoint' had child #Ref<0.134983772.519307265.14940> started with 'Elixir.Phoenix.Endpoint.Watcher':start_link({node,[<<"node_modules/webpack/bin/webpack.js">>,<<"--mode">>,<<"development">>,<<"--watch-stdin">>],...}) at <0.875.0> exit with reason watcher_command_error in context child_terminated
2020-08-13 00:23:43.516 [error] <0.876.0> CRASH REPORT Process <0.876.0> with 0 neighbours exited with reason: watcher_command_error in 'Elixir.Phoenix.Endpoint.Watcher':watch/3 line 37
2020-08-13 00:23:43.516 [error] <0.455.0> Supervisor 'Elixir.PuzzlespaceWeb.Endpoint' had child #Ref<0.134983772.519307265.14940> started with 'Elixir.Phoenix.Endpoint.Watcher':start_link({node,[<<"node_modules/webpack/bin/webpack.js">>,<<"--mode">>,<<"development">>,<<"--watch-stdin">>],...}) at <0.876.0> exit with reason watcher_command_error in context child_terminated
2020-08-13 00:23:45.836 [error] <0.877.0> CRASH REPORT Process <0.877.0> with 0 neighbours exited with reason: watcher_command_error in 'Elixir.Phoenix.Endpoint.Watcher':watch/3 line 37
2020-08-13 00:23:45.836 [error] <0.455.0> Supervisor 'Elixir.PuzzlespaceWeb.Endpoint' had child #Ref<0.134983772.519307265.14940> started with 'Elixir.Phoenix.Endpoint.Watcher':start_link({node,[<<"node_modules/webpack/bin/webpack.js">>,<<"--mode">>,<<"development">>,<<"--watch-stdin">>],...}) at <0.877.0> exit with reason watcher_command_error in context child_terminated
2020-08-13 00:23:48.181 [error] <0.878.0> CRASH REPORT Process <0.878.0> with 0 neighbours exited with reason: watcher_command_error in 'Elixir.Phoenix.Endpoint.Watcher':watch/3 line 37
2020-08-13 00:23:48.181 [error] <0.455.0> Supervisor 'Elixir.PuzzlespaceWeb.Endpoint' had child #Ref<0.134983772.519307265.14940> started with 'Elixir.Phoenix.Endpoint.Watcher':start_link({node,[<<"node_modules/webpack/bin/webpack.js">>,<<"--mode">>,<<"development">>,<<"--watch-stdin">>],...}) at <0.878.0> exit with reason watcher_command_error in context child_terminated
2020-08-13 00:23:50.590 [error] <0.879.0> CRASH REPORT Process <0.879.0> with 0 neighbours exited with reason: watcher_command_error in 'Elixir.Phoenix.Endpoint.Watcher':watch/3 line 37
2020-08-13 00:23:50.590 [error] <0.455.0> Supervisor 'Elixir.PuzzlespaceWeb.Endpoint' had child #Ref<0.134983772.519307265.14940> started with 'Elixir.Phoenix.Endpoint.Watcher':start_link({node,[<<"node_modules/webpack/bin/webpack.js">>,<<"--mode">>,<<"development">>,<<"--watch-stdin">>],...}) at <0.879.0> exit with reason watcher_command_error in context child_terminated
2020-08-13 00:23:52.893 [error] <0.880.0> CRASH REPORT Process <0.880.0> with 0 neighbours exited with reason: watcher_command_error in 'Elixir.Phoenix.Endpoint.Watcher':watch/3 line 37
2020-08-13 00:23:52.893 [error] <0.455.0> Supervisor 'Elixir.PuzzlespaceWeb.Endpoint' had child #Ref<0.134983772.519307265.14940> started with 'Elixir.Phoenix.Endpoint.Watcher':start_link({node,[<<"node_modules/webpack/bin/webpack.js">>,<<"--mode">>,<<"development">>,<<"--watch-stdin">>],...}) at <0.880.0> exit with reason watcher_command_error in context child_terminated
2020-08-13 00:23:55.272 [error] <0.881.0> CRASH REPORT Process <0.881.0> with 0 neighbours exited with reason: watcher_command_error in 'Elixir.Phoenix.Endpoint.Watcher':watch/3 line 37
2020-08-13 00:23:55.272 [error] <0.455.0> Supervisor 'Elixir.PuzzlespaceWeb.Endpoint' had child #Ref<0.134983772.519307265.14940> started with 'Elixir.Phoenix.Endpoint.Watcher':start_link({node,[<<"node_modules/webpack/bin/webpack.js">>,<<"--mode">>,<<"development">>,<<"--watch-stdin">>],...}) at <0.881.0> exit with reason watcher_command_error in context child_terminated
2020-08-13 00:23:57.575 [error] <0.882.0> CRASH REPORT Process <0.882.0> with 0 neighbours exited with reason: watcher_command_error in 'Elixir.Phoenix.Endpoint.Watcher':watch/3 line 37
2020-08-13 00:23:57.575 [error] <0.455.0> Supervisor 'Elixir.PuzzlespaceWeb.Endpoint' had child #Ref<0.134983772.519307265.14940> started with 'Elixir.Phoenix.Endpoint.Watcher':start_link({node,[<<"node_modules/webpack/bin/webpack.js">>,<<"--mode">>,<<"development">>,<<"--watch-stdin">>],...}) at <0.882.0> exit with reason watcher_command_error in context child_terminated
2020-08-13 00:23:59.879 [error] <0.883.0> CRASH REPORT Process <0.883.0> with 0 neighbours exited with reason: watcher_command_error in 'Elixir.Phoenix.Endpoint.Watcher':watch/3 line 37
2020-08-13 00:23:59.879 [error] <0.455.0> Supervisor 'Elixir.PuzzlespaceWeb.Endpoint' had child #Ref<0.134983772.519307265.14940> started with 'Elixir.Phoenix.Endpoint.Watcher':start_link({node,[<<"node_modules/webpack/bin/webpack.js">>,<<"--mode">>,<<"development">>,<<"--watch-stdin">>],...}) at <0.883.0> exit with reason watcher_command_error in context child_terminated
2020-08-13 00:24:02.283 [error] <0.884.0> CRASH REPORT Process <0.884.0> with 0 neighbours exited with reason: watcher_command_error in 'Elixir.Phoenix.Endpoint.Watcher':watch/3 line 37
2020-08-13 00:24:02.284 [error] <0.455.0> Supervisor 'Elixir.PuzzlespaceWeb.Endpoint' had child #Ref<0.134983772.519307265.14940> started with 'Elixir.Phoenix.Endpoint.Watcher':start_link({node,[<<"node_modules/webpack/bin/webpack.js">>,<<"--mode">>,<<"development">>,<<"--watch-stdin">>],...}) at <0.884.0> exit with reason watcher_command_error in context child_terminated
2020-08-13 00:24:04.615 [error] <0.885.0> CRASH REPORT Process <0.885.0> with 0 neighbours exited with reason: watcher_command_error in 'Elixir.Phoenix.Endpoint.Watcher':watch/3 line 37
2020-08-13 00:24:04.615 [error] <0.455.0> Supervisor 'Elixir.PuzzlespaceWeb.Endpoint' had child #Ref<0.134983772.519307265.14940> started with 'Elixir.Phoenix.Endpoint.Watcher':start_link({node,[<<"node_modules/webpack/bin/webpack.js">>,<<"--mode">>,<<"development">>,<<"--watch-stdin">>],...}) at <0.885.0> exit with reason watcher_command_error in context child_terminated
2020-08-13 00:24:06.925 [error] <0.886.0> CRASH REPORT Process <0.886.0> with 0 neighbours exited with reason: watcher_command_error in 'Elixir.Phoenix.Endpoint.Watcher':watch/3 line 37
2020-08-13 00:24:06.925 [error] <0.455.0> Supervisor 'Elixir.PuzzlespaceWeb.Endpoint' had child #Ref<0.134983772.519307265.14940> started with 'Elixir.Phoenix.Endpoint.Watcher':start_link({node,[<<"node_modules/webpack/bin/webpack.js">>,<<"--mode">>,<<"development">>,<<"--watch-stdin">>],...}) at <0.886.0> exit with reason watcher_command_error in context child_terminated
2020-08-13 00:24:09.283 [error] <0.887.0> CRASH REPORT Process <0.887.0> with 0 neighbours exited with reason: watcher_command_error in 'Elixir.Phoenix.Endpoint.Watcher':watch/3 line 37
2020-08-13 00:24:09.284 [error] <0.455.0> Supervisor 'Elixir.PuzzlespaceWeb.Endpoint' had child #Ref<0.134983772.519307265.14940> started with 'Elixir.Phoenix.Endpoint.Watcher':start_link({node,[<<"node_modules/webpack/bin/webpack.js">>,<<"--mode">>,<<"development">>,<<"--watch-stdin">>],...}) at <0.887.0> exit with reason watcher_command_error in context child_terminated
2020-08-13 00:24:11.604 [error] <0.888.0> CRASH REPORT Process <0.888.0> with 0 neighbours exited with reason: watcher_command_error in 'Elixir.Phoenix.Endpoint.Watcher':watch/3 line 37
2020-08-13 00:24:11.604 [error] <0.455.0> Supervisor 'Elixir.PuzzlespaceWeb.Endpoint' had child #Ref<0.134983772.519307265.14940> started with 'Elixir.Phoenix.Endpoint.Watcher':start_link({node,[<<"node_modules/webpack/bin/webpack.js">>,<<"--mode">>,<<"development">>,<<"--watch-stdin">>],...}) at <0.888.0> exit with reason watcher_command_error in context child_terminated
2020-08-13 00:24:14.042 [error] <0.889.0> CRASH REPORT Process <0.889.0> with 0 neighbours exited with reason: watcher_command_error in 'Elixir.Phoenix.Endpoint.Watcher':watch/3 line 37
2020-08-13 00:24:14.042 [error] <0.455.0> Supervisor 'Elixir.PuzzlespaceWeb.Endpoint' had child #Ref<0.134983772.519307265.14940> started with 'Elixir.Phoenix.Endpoint.Watcher':start_link({node,[<<"node_modules/webpack/bin/webpack.js">>,<<"--mode">>,<<"development">>,<<"--watch-stdin">>],...}) at <0.889.0> exit with reason watcher_command_error in context child_terminated
2020-08-13 00:24:16.367 [error] <0.890.0> CRASH REPORT Process <0.890.0> with 0 neighbours exited with reason: watcher_command_error in 'Elixir.Phoenix.Endpoint.Watcher':watch/3 line 37
2020-08-13 00:24:16.367 [error] <0.455.0> Supervisor 'Elixir.PuzzlespaceWeb.Endpoint' had child #Ref<0.134983772.519307265.14940> started with 'Elixir.Phoenix.Endpoint.Watcher':start_link({node,[<<"node_modules/webpack/bin/webpack.js">>,<<"--mode">>,<<"development">>,<<"--watch-stdin">>],...}) at <0.890.0> exit with reason watcher_command_error in context child_terminated
2020-08-13 00:24:18.683 [error] <0.891.0> CRASH REPORT Process <0.891.0> with 0 neighbours exited with reason: watcher_command_error in 'Elixir.Phoenix.Endpoint.Watcher':watch/3 line 37
2020-08-13 00:24:18.684 [error] <0.455.0> Supervisor 'Elixir.PuzzlespaceWeb.Endpoint' had child #Ref<0.134983772.519307265.14940> started with 'Elixir.Phoenix.Endpoint.Watcher':start_link({node,[<<"node_modules/webpack/bin/webpack.js">>,<<"--mode">>,<<"development">>,<<"--watch-stdin">>],...}) at <0.891.0> exit with reason watcher_command_error in context child_terminated
2020-08-13 00:24:21.049 [error] <0.892.0> CRASH REPORT Process <0.892.0> with 0 neighbours exited with reason: watcher_command_error in 'Elixir.Phoenix.Endpoint.Watcher':watch/3 line 37
2020-08-13 00:24:21.049 [error] <0.455.0> Supervisor 'Elixir.PuzzlespaceWeb.Endpoint' had child #Ref<0.134983772.519307265.14940> started with 'Elixir.Phoenix.Endpoint.Watcher':start_link({node,[<<"node_modules/webpack/bin/webpack.js">>,<<"--mode">>,<<"development">>,<<"--watch-stdin">>],...}) at <0.892.0> exit with reason watcher_command_error in context child_terminated
2020-08-13 00:24:23.342 [error] <0.893.0> CRASH REPORT Process <0.893.0> with 0 neighbours exited with reason: watcher_command_error in 'Elixir.Phoenix.Endpoint.Watcher':watch/3 line 37
2020-08-13 00:24:23.342 [error] <0.455.0> Supervisor 'Elixir.PuzzlespaceWeb.Endpoint' had child #Ref<0.134983772.519307265.14940> started with 'Elixir.Phoenix.Endpoint.Watcher':start_link({node,[<<"node_modules/webpack/bin/webpack.js">>,<<"--mode">>,<<"development">>,<<"--watch-stdin">>],...}) at <0.893.0> exit with reason watcher_command_error in context child_terminated
2020-08-13 00:26:02.094 [error] <0.580.0> CRASH REPORT Process <0.580.0> with 0 neighbours exited with reason: watcher_command_error in 'Elixir.Phoenix.Endpoint.Watcher':watch/3 line 37
2020-08-13 00:26:02.094 [error] <0.455.0> Supervisor 'Elixir.PuzzlespaceWeb.Endpoint' had child #Ref<0.166990432.3740008451.240394> started with 'Elixir.Phoenix.Endpoint.Watcher':start_link({node,[<<"node_modules/webpack/bin/webpack.js">>,<<"--mode">>,<<"development">>,<<"--watch-stdin">>],...}) at <0.580.0> exit with reason watcher_command_error in context child_terminated
2020-08-13 00:26:04.473 [error] <0.854.0> CRASH REPORT Process <0.854.0> with 0 neighbours exited with reason: watcher_command_error in 'Elixir.Phoenix.Endpoint.Watcher':watch/3 line 37
2020-08-13 00:26:04.473 [error] <0.455.0> Supervisor 'Elixir.PuzzlespaceWeb.Endpoint' had child #Ref<0.166990432.3740008451.240394> started with 'Elixir.Phoenix.Endpoint.Watcher':start_link({node,[<<"node_modules/webpack/bin/webpack.js">>,<<"--mode">>,<<"development">>,<<"--watch-stdin">>],...}) at <0.854.0> exit with reason watcher_command_error in context child_terminated
2020-08-13 00:29:46.036 [error] <0.580.0> CRASH REPORT Process <0.580.0> with 0 neighbours exited with reason: watcher_command_error in 'Elixir.Phoenix.Endpoint.Watcher':watch/3 line 37
2020-08-13 00:29:46.037 [error] <0.455.0> Supervisor 'Elixir.PuzzlespaceWeb.Endpoint' had child #Ref<0.2534029094.3740794881.123769> started with 'Elixir.Phoenix.Endpoint.Watcher':start_link({node,[<<"node_modules/webpack/bin/webpack.js">>,<<"--mode">>,<<"development">>,<<"--watch-stdin">>],...}) at <0.580.0> exit with reason watcher_command_error in context child_terminated
2020-08-13 00:29:48.368 [error] <0.849.0> CRASH REPORT Process <0.849.0> with 0 neighbours exited with reason: watcher_command_error in 'Elixir.Phoenix.Endpoint.Watcher':watch/3 line 37
2020-08-13 00:29:48.368 [error] <0.455.0> Supervisor 'Elixir.PuzzlespaceWeb.Endpoint' had child #Ref<0.2534029094.3740794881.123769> started with 'Elixir.Phoenix.Endpoint.Watcher':start_link({node,[<<"node_modules/webpack/bin/webpack.js">>,<<"--mode">>,<<"development">>,<<"--watch-stdin">>],...}) at <0.849.0> exit with reason watcher_command_error in context child_terminated
2020-08-13 00:29:50.670 [error] <0.850.0> CRASH REPORT Process <0.850.0> with 0 neighbours exited with reason: watcher_command_error in 'Elixir.Phoenix.Endpoint.Watcher':watch/3 line 37
2020-08-13 00:29:50.670 [error] <0.455.0> Supervisor 'Elixir.PuzzlespaceWeb.Endpoint' had child #Ref<0.2534029094.3740794881.123769> started with 'Elixir.Phoenix.Endpoint.Watcher':start_link({node,[<<"node_modules/webpack/bin/webpack.js">>,<<"--mode">>,<<"development">>,<<"--watch-stdin">>],...}) at <0.850.0> exit with reason watcher_command_error in context child_terminated
2020-08-13 00:29:52.993 [error] <0.851.0> CRASH REPORT Process <0.851.0> with 0 neighbours exited with reason: watcher_command_error in 'Elixir.Phoenix.Endpoint.Watcher':watch/3 line 37
2020-08-13 00:29:52.993 [error] <0.455.0> Supervisor 'Elixir.PuzzlespaceWeb.Endpoint' had child #Ref<0.2534029094.3740794881.123769> started with 'Elixir.Phoenix.Endpoint.Watcher':start_link({node,[<<"node_modules/webpack/bin/webpack.js">>,<<"--mode">>,<<"development">>,<<"--watch-stdin">>],...}) at <0.851.0> exit with reason watcher_command_error in context child_terminated
2020-08-13 00:29:56.323 [error] <0.852.0> CRASH REPORT Process <0.852.0> with 0 neighbours exited with reason: watcher_command_error in 'Elixir.Phoenix.Endpoint.Watcher':watch/3 line 37
2020-08-13 00:29:56.323 [error] <0.455.0> Supervisor 'Elixir.PuzzlespaceWeb.Endpoint' had child #Ref<0.2534029094.3740794881.123769> started with 'Elixir.Phoenix.Endpoint.Watcher':start_link({node,[<<"node_modules/webpack/bin/webpack.js">>,<<"--mode">>,<<"development">>,<<"--watch-stdin">>],...}) at <0.852.0> exit with reason watcher_command_error in context child_terminated
2020-08-13 00:29:58.861 [error] <0.853.0> CRASH REPORT Process <0.853.0> with 0 neighbours exited with reason: watcher_command_error in 'Elixir.Phoenix.Endpoint.Watcher':watch/3 line 37
2020-08-13 00:29:58.862 [error] <0.455.0> Supervisor 'Elixir.PuzzlespaceWeb.Endpoint' had child #Ref<0.2534029094.3740794881.123769> started with 'Elixir.Phoenix.Endpoint.Watcher':start_link({node,[<<"node_modules/webpack/bin/webpack.js">>,<<"--mode">>,<<"development">>,<<"--watch-stdin">>],...}) at <0.853.0> exit with reason watcher_command_error in context child_terminated
2020-08-13 00:30:02.664 [error] <0.857.0> CRASH REPORT Process <0.857.0> with 0 neighbours exited with reason: watcher_command_error in 'Elixir.Phoenix.Endpoint.Watcher':watch/3 line 37
2020-08-13 00:30:02.665 [error] <0.455.0> Supervisor 'Elixir.PuzzlespaceWeb.Endpoint' had child #Ref<0.2534029094.3740794881.123769> started with 'Elixir.Phoenix.Endpoint.Watcher':start_link({node,[<<"node_modules/webpack/bin/webpack.js">>,<<"--mode">>,<<"development">>,<<"--watch-stdin">>],...}) at <0.857.0> exit with reason watcher_command_error in context child_terminated
2020-08-13 00:30:04.979 [error] <0.864.0> CRASH REPORT Process <0.864.0> with 0 neighbours exited with reason: watcher_command_error in 'Elixir.Phoenix.Endpoint.Watcher':watch/3 line 37
2020-08-13 00:30:04.980 [error] <0.455.0> Supervisor 'Elixir.PuzzlespaceWeb.Endpoint' had child #Ref<0.2534029094.3740794881.123769> started with 'Elixir.Phoenix.Endpoint.Watcher':start_link({node,[<<"node_modules/webpack/bin/webpack.js">>,<<"--mode">>,<<"development">>,<<"--watch-stdin">>],...}) at <0.864.0> exit with reason watcher_command_error in context child_terminated
2020-08-13 00:30:07.283 [error] <0.865.0> CRASH REPORT Process <0.865.0> with 0 neighbours exited with reason: watcher_command_error in 'Elixir.Phoenix.Endpoint.Watcher':watch/3 line 37
2020-08-13 00:30:07.284 [error] <0.455.0> Supervisor 'Elixir.PuzzlespaceWeb.Endpoint' had child #Ref<0.2534029094.3740794881.123769> started with 'Elixir.Phoenix.Endpoint.Watcher':start_link({node,[<<"node_modules/webpack/bin/webpack.js">>,<<"--mode">>,<<"development">>,<<"--watch-stdin">>],...}) at <0.865.0> exit with reason watcher_command_error in context child_terminated
2020-08-13 00:30:09.617 [error] <0.866.0> CRASH REPORT Process <0.866.0> with 0 neighbours exited with reason: watcher_command_error in 'Elixir.Phoenix.Endpoint.Watcher':watch/3 line 37
2020-08-13 00:30:09.617 [error] <0.455.0> Supervisor 'Elixir.PuzzlespaceWeb.Endpoint' had child #Ref<0.2534029094.3740794881.123769> started with 'Elixir.Phoenix.Endpoint.Watcher':start_link({node,[<<"node_modules/webpack/bin/webpack.js">>,<<"--mode">>,<<"development">>,<<"--watch-stdin">>],...}) at <0.866.0> exit with reason watcher_command_error in context child_terminated
2020-08-13 00:30:11.963 [error] <0.867.0> CRASH REPORT Process <0.867.0> with 0 neighbours exited with reason: watcher_command_error in 'Elixir.Phoenix.Endpoint.Watcher':watch/3 line 37
2020-08-13 00:30:11.975 [error] <0.455.0> Supervisor 'Elixir.PuzzlespaceWeb.Endpoint' had child #Ref<0.2534029094.3740794881.123769> started with 'Elixir.Phoenix.Endpoint.Watcher':start_link({node,[<<"node_modules/webpack/bin/webpack.js">>,<<"--mode">>,<<"development">>,<<"--watch-stdin">>],...}) at <0.867.0> exit with reason watcher_command_error in context child_terminated
2020-08-13 00:30:23.535 [error] <0.570.0> CRASH REPORT Process <0.570.0> with 0 neighbours exited with reason: watcher_command_error in 'Elixir.Phoenix.Endpoint.Watcher':watch/3 line 37
2020-08-13 00:30:23.536 [error] <0.445.0> Supervisor 'Elixir.PuzzlespaceWeb.Endpoint' had child #Ref<0.1489486449.788529154.119384> started with 'Elixir.Phoenix.Endpoint.Watcher':start_link({node,[<<"node_modules/webpack/bin/webpack.js">>,<<"--mode">>,<<"development">>,<<"--watch-stdin">>],...}) at <0.570.0> exit with reason watcher_command_error in context child_terminated
2020-08-13 00:30:25.897 [error] <0.842.0> CRASH REPORT Process <0.842.0> with 0 neighbours exited with reason: watcher_command_error in 'Elixir.Phoenix.Endpoint.Watcher':watch/3 line 37
2020-08-13 00:30:25.897 [error] <0.445.0> Supervisor 'Elixir.PuzzlespaceWeb.Endpoint' had child #Ref<0.1489486449.788529154.119384> started with 'Elixir.Phoenix.Endpoint.Watcher':start_link({node,[<<"node_modules/webpack/bin/webpack.js">>,<<"--mode">>,<<"development">>,<<"--watch-stdin">>],...}) at <0.842.0> exit with reason watcher_command_error in context child_terminated
2020-08-13 00:30:28.218 [error] <0.843.0> CRASH REPORT Process <0.843.0> with 0 neighbours exited with reason: watcher_command_error in 'Elixir.Phoenix.Endpoint.Watcher':watch/3 line 37
2020-08-13 00:30:28.218 [error] <0.445.0> Supervisor 'Elixir.PuzzlespaceWeb.Endpoint' had child #Ref<0.1489486449.788529154.119384> started with 'Elixir.Phoenix.Endpoint.Watcher':start_link({node,[<<"node_modules/webpack/bin/webpack.js">>,<<"--mode">>,<<"development">>,<<"--watch-stdin">>],...}) at <0.843.0> exit with reason watcher_command_error in context child_terminated
2020-08-13 00:30:30.523 [error] <0.844.0> CRASH REPORT Process <0.844.0> with 0 neighbours exited with reason: watcher_command_error in 'Elixir.Phoenix.Endpoint.Watcher':watch/3 line 37
2020-08-13 00:30:30.523 [error] <0.445.0> Supervisor 'Elixir.PuzzlespaceWeb.Endpoint' had child #Ref<0.1489486449.788529154.119384> started with 'Elixir.Phoenix.Endpoint.Watcher':start_link({node,[<<"node_modules/webpack/bin/webpack.js">>,<<"--mode">>,<<"development">>,<<"--watch-stdin">>],...}) at <0.844.0> exit with reason watcher_command_error in context child_terminated
2020-08-13 00:34:58.874 [error] <0.570.0> CRASH REPORT Process <0.570.0> with 0 neighbours exited with reason: watcher_command_error in 'Elixir.Phoenix.Endpoint.Watcher':watch/3 line 37
2020-08-13 00:34:58.874 [error] <0.445.0> Supervisor 'Elixir.PuzzlespaceWeb.Endpoint' had child #Ref<0.388117818.1058013185.184087> started with 'Elixir.Phoenix.Endpoint.Watcher':start_link({node,[<<"node_modules/webpack/bin/webpack.js">>,<<"--mode">>,<<"development">>,<<"--watch-stdin">>],...}) at <0.570.0> exit with reason watcher_command_error in context child_terminated
2020-08-13 00:35:02.364 [error] <0.841.0> CRASH REPORT Process <0.841.0> with 0 neighbours exited with reason: watcher_command_error in 'Elixir.Phoenix.Endpoint.Watcher':watch/3 line 37
2020-08-13 00:35:02.364 [error] <0.445.0> Supervisor 'Elixir.PuzzlespaceWeb.Endpoint' had child #Ref<0.388117818.1058013185.184087> started with 'Elixir.Phoenix.Endpoint.Watcher':start_link({node,[<<"node_modules/webpack/bin/webpack.js">>,<<"--mode">>,<<"development">>,<<"--watch-stdin">>],...}) at <0.841.0> exit with reason watcher_command_error in context child_terminated
2020-08-13 00:35:05.807 [error] <0.842.0> CRASH REPORT Process <0.842.0> with 0 neighbours exited with reason: watcher_command_error in 'Elixir.Phoenix.Endpoint.Watcher':watch/3 line 37
2020-08-13 00:35:05.807 [error] <0.445.0> Supervisor 'Elixir.PuzzlespaceWeb.Endpoint' had child #Ref<0.388117818.1058013185.184087> started with 'Elixir.Phoenix.Endpoint.Watcher':start_link({node,[<<"node_modules/webpack/bin/webpack.js">>,<<"--mode">>,<<"development">>,<<"--watch-stdin">>],...}) at <0.842.0> exit with reason watcher_command_error in context child_terminated
2020-08-13 00:35:09.088 [error] <0.843.0> CRASH REPORT Process <0.843.0> with 0 neighbours exited with reason: watcher_command_error in 'Elixir.Phoenix.Endpoint.Watcher':watch/3 line 37
2020-08-13 00:35:09.088 [error] <0.445.0> Supervisor 'Elixir.PuzzlespaceWeb.Endpoint' had child #Ref<0.388117818.1058013185.184087> started with 'Elixir.Phoenix.Endpoint.Watcher':start_link({node,[<<"node_modules/webpack/bin/webpack.js">>,<<"--mode">>,<<"development">>,<<"--watch-stdin">>],...}) at <0.843.0> exit with reason watcher_command_error in context child_terminated
2020-08-13 00:35:12.321 [error] <0.844.0> CRASH REPORT Process <0.844.0> with 0 neighbours exited with reason: watcher_command_error in 'Elixir.Phoenix.Endpoint.Watcher':watch/3 line 37
2020-08-13 00:35:12.321 [error] <0.445.0> Supervisor 'Elixir.PuzzlespaceWeb.Endpoint' had child #Ref<0.388117818.1058013185.184087> started with 'Elixir.Phoenix.Endpoint.Watcher':start_link({node,[<<"node_modules/webpack/bin/webpack.js">>,<<"--mode">>,<<"development">>,<<"--watch-stdin">>],...}) at <0.844.0> exit with reason watcher_command_error in context child_terminated
2020-08-13 00:37:28.724 [error] <0.570.0> CRASH REPORT Process <0.570.0> with 0 neighbours exited with reason: watcher_command_error in 'Elixir.Phoenix.Endpoint.Watcher':watch/3 line 37
2020-08-13 00:37:28.724 [error] <0.445.0> Supervisor 'Elixir.PuzzlespaceWeb.Endpoint' had child #Ref<0.1308676475.2937061377.95687> started with 'Elixir.Phoenix.Endpoint.Watcher':start_link({node,[<<"node_modules/webpack/bin/webpack.js">>,<<"--mode">>,<<"development">>,<<"--watch-stdin">>],...}) at <0.570.0> exit with reason watcher_command_error in context child_terminated
2020-08-13 00:45:59.433 [error] <0.570.0> CRASH REPORT Process <0.570.0> with 0 neighbours exited with reason: watcher_command_error in 'Elixir.Phoenix.Endpoint.Watcher':watch/3 line 37
2020-08-13 00:45:59.434 [error] <0.445.0> Supervisor 'Elixir.PuzzlespaceWeb.Endpoint' had child #Ref<0.3515569155.2669936641.131262> started with 'Elixir.Phoenix.Endpoint.Watcher':start_link({node,[<<"node_modules/webpack/bin/webpack.js">>,<<"--mode">>,<<"development">>,<<"--watch-stdin">>],...}) at <0.570.0> exit with reason watcher_command_error in context child_terminated
2020-08-13 00:46:02.820 [error] <0.837.0> CRASH REPORT Process <0.837.0> with 0 neighbours exited with reason: watcher_command_error in 'Elixir.Phoenix.Endpoint.Watcher':watch/3 line 37
2020-08-13 00:46:02.820 [error] <0.445.0> Supervisor 'Elixir.PuzzlespaceWeb.Endpoint' had child #Ref<0.3515569155.2669936641.131262> started with 'Elixir.Phoenix.Endpoint.Watcher':start_link({node,[<<"node_modules/webpack/bin/webpack.js">>,<<"--mode">>,<<"development">>,<<"--watch-stdin">>],...}) at <0.837.0> exit with reason watcher_command_error in context child_terminated
2020-08-13 02:16:06.321 [error] <0.929.0> CRASH REPORT Process <0.929.0> with 0 neighbours exited with reason: {{{{#{'__exception__' => true,'__struct__' => 'Elixir.Ecto.Query.CastError',message => <<"deps/ecto/lib/ecto/repo/queryable.ex:418: value `{:ok, %Puzzlespace.User{__meta__: #Ecto.Schema.Metadata<:loaded, \"users\">, auth_tokens: #Ecto.Association.NotLoaded<association :auth_tokens is not loaded>, entity_id: \"55e18438-e69f-4e10-a2df-bdd9dc0aadd6\", hashed_pass: \"$pbkdf2-sha512$160000$MIJbvhY4dDDfEdwurSR.mw$4juBq4nf9ejXRh4u0zEmdclRE4aFtiYOP0jkXNBJLGnMtmLHOgPQLF3LB2vlAqed1v5xQ0fJ8VVQfAABnTAoOA\"...">>,...},...},...},...},...}
2020-08-13 02:16:06.511 [error] <0.929.0> Cowboy stream 3 with ranch listener 'Elixir.PuzzlespaceWeb.Endpoint.HTTP' and connection process <0.919.0> had its request process exit with reason: {{{#{'__exception__' => true,'__struct__' => 'Elixir.Ecto.Query.CastError',message => <<"deps/ecto/lib/ecto/repo/queryable.ex:418: value `{:ok, %Puzzlespace.User{__meta__: #Ecto.Schema.Metadata<:loaded, \"users\">, auth_tokens: #Ecto.Association.NotLoaded<association :auth_tokens is not loaded>, entity_id: \"55e18438-e69f-4e10-a2df-bdd9dc0aadd6\", hashed_pass: \"$pbkdf2-sha512$160000$MIJbvhY4dDDfEdwurSR.mw$4juBq4nf9ejXRh4u0zEmdclRE4aFtiYOP0jkXNBJLGnMtmLHOgPQLF3LB2vlAqed1v5xQ0fJ8VVQfAABnTAoOA\", ...">>,...},...},...},...}
2020-08-13 02:17:59.621 [error] <0.977.0> CRASH REPORT Process <0.977.0> with 0 neighbours exited with reason: {{{{#{'__exception__' => true,'__struct__' => 'Elixir.Phoenix.ActionClauseError',args => [#{'__struct__' => 'Elixir.Plug.Conn',adapter => {'Elixir.Plug.Cowboy.Conn',#{bindings => #{},body_length => 134,cert => undefined,has_body => true,has_read_body => true,headers => #{<<"accept">> => <<"text/html,application/xhtml+xml,application/xml;q=0.9,image/webp,*/*;q=0.8">>,<<"accept-encoding">> => <<"gzip, deflate">>,<<"accept-language">> => <<"en-US,en;q=0.5">>,<<"connection">> => <<"keep-a...">>,...},...}},...},...],...},...},...},...},...}
2020-08-13 02:17:59.627 [error] <0.977.0> Cowboy stream 5 with ranch listener 'Elixir.PuzzlespaceWeb.Endpoint.HTTP' and connection process <0.941.0> had its request process exit with reason: {{{#{'__exception__' => true,'__struct__' => 'Elixir.Phoenix.ActionClauseError',args => [#{'__struct__' => 'Elixir.Plug.Conn',adapter => {'Elixir.Plug.Cowboy.Conn',#{bindings => #{},body_length => 134,cert => undefined,has_body => true,has_read_body => true,headers => #{<<"accept">> => <<"text/html,application/xhtml+xml,application/xml;q=0.9,image/webp,*/*;q=0.8">>,<<"accept-encoding">> => <<"gzip, deflate">>,<<"accept-language">> => <<"en-US,en;q=0.5">>,<<"connection">> => <<"keep-ali...">>,...},...}},...},...],...},...},...},...}
